<?xml version="1.0" ?><testsuite name="edu.umb.cs680.hw09.apfs.APFSTest" time="0.137" timestamp="2020-12-11T23:51:39" tests="25" failures="0" skipped="0" aborted="0"><properties>
[...]
</properties><testcase classname="edu.umb.cs680.hw09.apfs.APFSTest" name="verify_children_of_applications_directory()" time="0.001"></testcase><testcase classname="edu.umb.cs680.hw09.apfs.APFSTest" name="verify_File_a_and_b_are_a_children_of_applications_directory()" time="0.001"></testcase><testcase classname="edu.umb.cs680.hw09.apfs.APFSTest" name="verify_subdirectories_of_home_directory()" time="0.0"></testcase><testcase classname="edu.umb.cs680.hw09.apfs.APFSTest" name="verifygetterMethodsOfHomeDirectory()" time="0.001"></testcase><testcase classname="edu.umb.cs680.hw09.apfs.APFSTest" name="checking_the_target_of_link_x()" time="0.0"></testcase><testcase classname="edu.umb.cs680.hw09.apfs.APFSTest" name="verifygetterMethodsOfCodeDirectory()" time="0.001"></testcase><testcase classname="edu.umb.cs680.hw09.apfs.APFSTest" name="verify_files_of_code_directory()" time="0.0"></testcase><testcase classname="edu.umb.cs680.hw09.apfs.APFSTest" name="checking_total_size_of_home()" time="0.001"></testcase><testcase classname="edu.umb.cs680.hw09.apfs.APFSTest" name="checking_total_size_of_root()" time="0.001"></testcase><testcase classname="edu.umb.cs680.hw09.apfs.APFSTest" name="verify_children_of_code_directory()" time="0.0"></testcase><testcase classname="edu.umb.cs680.hw09.apfs.APFSTest" name="verify_File_c_and_d_are_a_children_of_home_directory()" time="0.0"></testcase><testcase classname="edu.umb.cs680.hw09.apfs.APFSTest" name="checking_total_size_of_code()" time="0.0"></testcase><testcase classname="edu.umb.cs680.hw09.apfs.APFSTest" name="checking_the_singleton_of_APFS_class()" time="0.001"></testcase><testcase classname="edu.umb.cs680.hw09.apfs.APFSTest" name="verifygetterMethodsOfRootDirectory()" time="0.015"></testcase><testcase classname="edu.umb.cs680.hw09.apfs.APFSTest" name="checkInstanceOfFSElement()" time="0.0"></testcase><testcase classname="edu.umb.cs680.hw09.apfs.APFSTest" name="verify_files_of_home_directory()" time="0.001"></testcase><testcase classname="edu.umb.cs680.hw09.apfs.APFSTest" name="checkInstanceOfDirectory()" time="0.0"></testcase><testcase classname="edu.umb.cs680.hw09.apfs.APFSTest" name="checking_the_target_of_link_y()" time="0.0"></testcase><testcase classname="edu.umb.cs680.hw09.apfs.APFSTest" name="checking_the_init_APFS()" time="0.0"></testcase><testcase classname="edu.umb.cs680.hw09.apfs.APFSTest" name="verify_children_of_home_directory()" time="0.0"></testcase><testcase classname="edu.umb.cs680.hw09.apfs.APFSTest" name="verify_File_e_and_f_are_a_children_of_code_directory()" time="0.001"></testcase><testcase classname="edu.umb.cs680.hw09.apfs.APFSTest" name="checkInstanceOfFile()" time="0.001"></testcase><testcase classname="edu.umb.cs680.hw09.apfs.APFSTest" name="checking_limit_characters_of_a_file_Name()" time="0.0"></testcase><testcase classname="edu.umb.cs680.hw09.apfs.APFSTest" name="checking_total_size_of_applications()" time="0.0"></testcase><testcase classname="edu.umb.cs680.hw09.apfs.APFSTest" name="verify_directory_home_and_applications_are_a_children_of_root_directory()" time="0.001"></testcase></testsuite>